\BOOKMARK [-1][-]{part.1}{I Ablauf Organisation und Umfeld}{}% 1
\BOOKMARK [0][-]{chapter.1}{Kurzfassung des IPA-Berichtes}{part.1}% 2
\BOOKMARK [1][-]{section.1.1}{Ausgangssituation}{chapter.1}% 3
\BOOKMARK [1][-]{section.1.2}{Umsetzung}{chapter.1}% 4
\BOOKMARK [1][-]{section.1.3}{Ergebnis}{chapter.1}% 5
\BOOKMARK [0][-]{chapter.2}{Aufgabenstellung}{part.1}% 6
\BOOKMARK [1][-]{section.2.1}{Titel der Arbeit}{chapter.2}% 7
\BOOKMARK [1][-]{section.2.2}{Thematik}{chapter.2}% 8
\BOOKMARK [1][-]{section.2.3}{Ausgangslage}{chapter.2}% 9
\BOOKMARK [1][-]{section.2.4}{Detaillierte Aufgabenstellung}{chapter.2}% 10
\BOOKMARK [1][-]{section.2.5}{Mittel und Methoden inklusive Projektmethode}{chapter.2}% 11
\BOOKMARK [1][-]{section.2.6}{Vorkenntnisse}{chapter.2}% 12
\BOOKMARK [1][-]{section.2.7}{Vorarbeiten}{chapter.2}% 13
\BOOKMARK [1][-]{section.2.8}{Neue Lerninhalte}{chapter.2}% 14
\BOOKMARK [1][-]{section.2.9}{Arbeiten in den letzten 6 Monaten}{chapter.2}% 15
\BOOKMARK [0][-]{chapter.3}{Standards}{part.1}% 16
\BOOKMARK [0][-]{chapter.4}{Schutzwertanalyse}{part.1}% 17
\BOOKMARK [0][-]{chapter.5}{Organisation der IPA}{part.1}% 18
\BOOKMARK [1][-]{section.5.1}{Datensicherung der IPA}{chapter.5}% 19
\BOOKMARK [1][-]{section.5.2}{\304nderungskontrolle, Pr\374fung, Genehmigung}{chapter.5}% 20
\BOOKMARK [0][-]{chapter.6}{Detailliertes Projektvorgehen}{part.1}% 21
\BOOKMARK [1][-]{section.6.1}{Projektvorgehen}{chapter.6}% 22
\BOOKMARK [2][-]{subsection.6.1.1}{Projektmethode}{section.6.1}% 23
\BOOKMARK [2][-]{subsection.6.1.2}{Szenario}{section.6.1}% 24
\BOOKMARK [2][-]{subsection.6.1.3}{Phasen}{section.6.1}% 25
\BOOKMARK [2][-]{subsection.6.1.4}{Module}{section.6.1}% 26
\BOOKMARK [1][-]{section.6.2}{Projektorganisation}{chapter.6}% 27
\BOOKMARK [2][-]{subsection.6.2.1}{Projektrollen}{section.6.2}% 28
\BOOKMARK [0][-]{chapter.7}{Risikoanalyse}{part.1}% 29
\BOOKMARK [1][-]{section.7.1}{Risikomatrix}{chapter.7}% 30
\BOOKMARK [2][-]{subsection.7.1.1}{Kurze Stellungnahme zu den Risiken}{section.7.1}% 31
\BOOKMARK [0][-]{chapter.8}{Zeitplan}{part.1}% 32
\BOOKMARK [1][-]{section.8.1}{Zeitplan Tabelle}{chapter.8}% 33
\BOOKMARK [1][-]{section.8.2}{Meilensteine}{chapter.8}% 34
\BOOKMARK [0][-]{chapter.9}{Arbeitsjournal}{part.1}% 35
\BOOKMARK [1][-]{section.9.1}{Tag 1 1.1.1029}{chapter.9}% 36
\BOOKMARK [2][-]{subsection.9.1.1}{Tagesablauf}{section.9.1}% 37
\BOOKMARK [2][-]{subsection.9.1.2}{Hilfestellungen}{section.9.1}% 38
\BOOKMARK [2][-]{subsection.9.1.3}{Reflexion}{section.9.1}% 39
\BOOKMARK [2][-]{subsection.9.1.4}{N\344chste Schritte}{section.9.1}% 40
\BOOKMARK [0][-]{chapter.10}{Abschlussbericht}{part.1}% 41
\BOOKMARK [1][-]{section.10.1}{Vergleich Ist/Soll}{chapter.10}% 42
\BOOKMARK [1][-]{section.10.2}{Mittelbedarf}{chapter.10}% 43
\BOOKMARK [1][-]{section.10.3}{Realisierungsbericht}{chapter.10}% 44
\BOOKMARK [1][-]{section.10.4}{Testbericht}{chapter.10}% 45
\BOOKMARK [1][-]{section.10.5}{Fazit zum IPA \(Projekt\)}{chapter.10}% 46
\BOOKMARK [1][-]{section.10.6}{Pers\366nliches Fazit}{chapter.10}% 47
\BOOKMARK [1][-]{section.10.7}{Schlussreflexion}{chapter.10}% 48
\BOOKMARK [0][-]{chapter.11}{Selbst\344ndigkeitserkl\344rung und Rechtliches}{part.1}% 49
\BOOKMARK [-1][-]{part.2}{II Projektdokumentation}{}% 50
\BOOKMARK [0][-]{chapter.12}{Initialisierung}{part.2}% 51
\BOOKMARK [1][-]{section.12.1}{Studie; Ist-Zustand}{chapter.12}% 52
\BOOKMARK [1][-]{section.12.2}{Pers\366nliche Vorgehensziele}{chapter.12}% 53
\BOOKMARK [1][-]{section.12.3}{Projektziele}{chapter.12}% 54
\BOOKMARK [1][-]{section.12.4}{Varianten}{chapter.12}% 55
\BOOKMARK [1][-]{section.12.5}{Anforderungen}{chapter.12}% 56
\BOOKMARK [2][-]{subsection.12.5.1}{Funktionale Anforderungen}{section.12.5}% 57
\BOOKMARK [2][-]{subsection.12.5.2}{Nicht funktionale Anforderungen}{section.12.5}% 58
\BOOKMARK [1][-]{section.12.6}{Variantenvorstellung}{chapter.12}% 59
\BOOKMARK [2][-]{subsection.12.6.1}{Variante 1}{section.12.6}% 60
\BOOKMARK [1][-]{section.12.7}{Variantenentscheid}{chapter.12}% 61
\BOOKMARK [1][-]{section.12.8}{Begr\374ndung}{chapter.12}% 62
\BOOKMARK [0][-]{chapter.13}{Entwurf}{part.2}% 63
\BOOKMARK [1][-]{section.13.1}{Konzept entwickeln}{chapter.13}% 64
\BOOKMARK [1][-]{section.13.2}{BSP Testkonzept und Protokoll}{chapter.13}% 65
\BOOKMARK [2][-]{subsection.13.2.1}{Testinfrastruktur}{section.13.2}% 66
\BOOKMARK [2][-]{subsection.13.2.2}{Testziele}{section.13.2}% 67
\BOOKMARK [2][-]{subsection.13.2.3}{Testrahmen}{section.13.2}% 68
\BOOKMARK [2][-]{subsection.13.2.4}{Testvorgehen}{section.13.2}% 69
\BOOKMARK [2][-]{subsection.13.2.5}{Testmethode}{section.13.2}% 70
\BOOKMARK [2][-]{subsection.13.2.6}{Black-Box Tests}{section.13.2}% 71
\BOOKMARK [2][-]{subsection.13.2.7}{White-Box Tests}{section.13.2}% 72
\BOOKMARK [2][-]{subsection.13.2.8}{Testpersonen}{section.13.2}% 73
\BOOKMARK [2][-]{subsection.13.2.9}{Testverfahren 1}{section.13.2}% 74
\BOOKMARK [0][-]{chapter.14}{Umsetzung}{part.2}% 75
\BOOKMARK [1][-]{section.14.1}{System erstellen}{chapter.14}% 76
\BOOKMARK [-1][-]{part.3}{III Formaler Teil 2}{}% 77
\BOOKMARK [0][-]{chapter.15}{Verzeichnisse}{part.3}% 78
\BOOKMARK [1][-]{section.15.1}{Tabellenverzeichnis}{chapter.15}% 79
\BOOKMARK [1][-]{section.15.2}{Abbildungsverzeichnis}{chapter.15}% 80
\BOOKMARK [1][-]{chapter*.15}{Literaturverzeichnis}{chapter.15}% 81
\BOOKMARK [0][-]{chapter.16}{Verwendete Abk\374rzungen}{part.3}% 82
\BOOKMARK [0][-]{chapter.17}{Glossar}{part.3}% 83
\BOOKMARK [0][-]{chapter.18}{Anh\344nge}{part.3}% 84
\BOOKMARK [1][-]{section.18.1}{Sitzungsprotokolle}{chapter.18}% 85
\BOOKMARK [2][-]{subsection.18.1.1}{Sitzung 1}{section.18.1}% 86
\BOOKMARK [2][-]{subsection.18.1.2}{Sitzung 2}{section.18.1}% 87
